========================================================================= 
Log Path: ./log/download.log 
Program Path: /home/ken/Documents/r-projects/world-football/play.qmd 
Working Directory: /home/ken/Documents/r-projects/world-football 
User Name: ken 
R Version: 4.4.2 (2024-10-31) 
Machine: ken-desktop x86_64 
Operating System: Linux 5.15.0-126-generic #136-Ubuntu SMP Wed Nov 6 10:38:22 UTC 2024 
Base Packages: stats graphics grDevices datasets utils methods base 
Other Packages: knitr_1.49 cmdstanr_0.8.0 posterior_1.5.0 conflicted_1.2.0 logr_1.3.8 common_1.1.3 rvest_1.0.4 lubridate_1.9.3 forcats_1.0.0 stringr_1.5.1 dplyr_1.1.4 purrr_1.0.2 readr_2.1.5 tidyr_1.3.1 tibble_3.2.1 ggplot2_3.5.1 tidyverse_2.0.0 devtools_2.4.5 usethis_3.1.0 
Log Start Time: 2024-12-05 17:22:25.038875 
========================================================================= 

[1] "England"  "Portugal"

NOTE: Log Print Time:  2024-12-05 17:22:25.047851 
NOTE: Elapsed Time: 0.00844073295593262 secs 

England 

NOTE: Log Print Time:  2024-12-05 17:22:25.048599 
NOTE: Elapsed Time: 0.000748157501220703 secs 

* present: England 

NOTE: Log Print Time:  2024-12-05 17:22:26.660669 
NOTE: Elapsed Time: 1.61206984519958 secs 

Portugal 

NOTE: Log Print Time:  2024-12-05 17:22:26.812819 
NOTE: Elapsed Time: 0.152150392532349 secs 

* present: Portugal 

NOTE: Log Print Time:  2024-12-05 17:22:28.536663 
NOTE: Elapsed Time: 1.7238438129425 secs 

========================================================================= 
Log End Time: 2024-12-05 17:22:28.827284 
Log Elapsed Time: 0 00:00:03 
========================================================================= 
