========================================================================= 
Log Path: ./log/not_any.log 
Program Path: /home/ken/r-projects/world-football/play.qmd 
Working Directory: /home/ken/r-projects/world-football 
User Name: ken 
R Version: 4.5.0 (2025-04-11) 
Machine: ken-desktop x86_64 
Operating System: Linux 6.8.0-58-generic #60-Ubuntu SMP PREEMPT_DYNAMIC Fri Mar 14 18:29:48 UTC 2025 
Base Packages: stats graphics grDevices datasets utils methods base 
Other Packages: conflicted_1.2.0 logr_1.3.9 common_1.1.3 rvest_1.0.4 cmdstanr_0.9.0 posterior_1.6.1 lubridate_1.9.4 forcats_1.0.0 stringr_1.5.1 dplyr_1.1.4 purrr_1.0.4 readr_2.1.5 tidyr_1.3.1 tibble_3.2.1 ggplot2_3.5.2 tidyverse_2.0.0 
Log Start Time: 2025-05-03 15:24:20.459903 
========================================================================= 

[1] "Switzerland"              "Switzerland Challenge"    "Switzerland Promotion"    "Switzerland championship" "Switzerland relegation"  

NOTE: Log Print Time:  2025-05-03 15:24:21.746686 
NOTE: Elapsed Time: 1.28632926940918 secs 

Switzerland 

NOTE: Log Print Time:  2025-05-03 15:24:21.747932 
NOTE: Elapsed Time: 0.00124597549438477 secs 

* present: Switzerland 

NOTE: Log Print Time:  2025-05-03 15:24:23.901638 
NOTE: Elapsed Time: 2.15370583534241 secs 

Switzerland Challenge 

NOTE: Log Print Time:  2025-05-03 15:24:24.007297 
NOTE: Elapsed Time: 0.105659246444702 secs 

* present: Switzerland Challenge 

NOTE: Log Print Time:  2025-05-03 15:24:26.330615 
NOTE: Elapsed Time: 2.32331800460815 secs 

Switzerland Promotion 

NOTE: Log Print Time:  2025-05-03 15:24:26.422482 
NOTE: Elapsed Time: 0.0918674468994141 secs 

* present: Switzerland Promotion 

NOTE: Log Print Time:  2025-05-03 15:24:28.749875 
NOTE: Elapsed Time: 2.32739233970642 secs 

Switzerland championship 

NOTE: Log Print Time:  2025-05-03 15:24:28.880744 
NOTE: Elapsed Time: 0.130869626998901 secs 

* present: Switzerland championship 

NOTE: Log Print Time:  2025-05-03 15:24:30.1218 
NOTE: Elapsed Time: 1.24105620384216 secs 

Switzerland relegation 

NOTE: Log Print Time:  2025-05-03 15:24:30.197298 
NOTE: Elapsed Time: 0.0754978656768799 secs 

* present: Switzerland relegation 

NOTE: Log Print Time:  2025-05-03 15:24:32.328508 
NOTE: Elapsed Time: 2.1312096118927 secs 

========================================================================= 
Log End Time: 2025-05-03 15:24:33.896019 
Log Elapsed Time: 0 00:00:13 
========================================================================= 
