=========================================================================
Log Path: sim/log/sim.log
Program Path: /home/ken/Documents/r-projects/world-football/sim-league.qmd
Working Directory: /home/ken/Documents/r-projects/world-football
User Name: ken
R Version: 4.4.0 (2024-04-24)
Machine: ken-desktop x86_64
Operating System: Linux 5.15.0-107-generic #117-Ubuntu SMP Fri Apr 26 12:26:49 UTC 2024
Base Packages: stats graphics grDevices datasets utils methods base
Other Packages: logr_1.3.8 common_1.1.3 cmdstanr_0.8.0.9000 posterior_1.5.0 conflicted_1.2.0 rvest_1.0.4 lubridate_1.9.3 forcats_0.5.0 stringr_1.5.1 dplyr_1.1.4 purrr_1.0.2 readr_1.3.1 tidyr_1.3.1 tibble_3.2.1 ggplot2_3.5.1 tidyverse_2.0.0 devtools_2.4.5 usethis_2.2.3
Log Start Time: 2024-06-03 17:26:51.1635
=========================================================================

[1] "isl_urvalsdeild_2024.rds"      "irl_first-division_2024.rds"   "irl_premier-division_2024.rds"

NOTE: Log Print Time:  2024-06-03 17:26:53.102254
NOTE: Elapsed Time: 1.93834352493286 secs

Done isl_urvalsdeild_2024.rds

NOTE: Log Print Time:  2024-06-03 17:28:01.399363
NOTE: Elapsed Time: 1.13828515609105 mins

Done irl_first-division_2024.rds

NOTE: Log Print Time:  2024-06-03 17:29:09.843083
NOTE: Elapsed Time: 1.14072866042455 mins

Done irl_premier-division_2024.rds

NOTE: Log Print Time:  2024-06-03 17:30:16.929574
NOTE: Elapsed Time: 1.1181081811587 mins

=========================================================================
Log End Time: 2024-06-03 17:30:17.09515
Log Elapsed Time: 0 00:03:25
=========================================================================
